<?xml version="1.0" encoding="UTF-8"?>
<!-- Generated by org.testng.reporters.JUnitReportReporter -->
<testsuite hostname="DESKTOP-ELED3G9" failures="0" tests="1" name="com.flipkart.tests.PlaceOrder" time="5.429" errors="0" timestamp="2022-05-30T20:49:32 IST" skipped="0">
  <testcase classname="com.flipkart.tests.PlaceOrder" name="loginTest" time="5.429"/>
  <system-out/>
</testsuite> <!-- com.flipkart.tests.PlaceOrder -->
